<?xml version="1.0" encoding="UTF-8"?>
<testsuite xmlns:xsi="http://www.w3.org/2001/XMLSchema-instance"
           xsi:noNamespaceSchemaLocation="https://maven.apache.org/surefire/maven-surefire-plugin/xsd/surefire-test-report.xsd"
           name="com.hbase.haxwell.HaxwellIntegrationTest" time="20.594" tests="3" errors="0" skipped="0" failures="0">
    <properties>
[...]
</properties>
    <testcase name="testEvents_WithPayload" classname="com.hbase.haxwell.HaxwellIntegrationTest" time="1.218"/>
    <testcase name="testEvents_MultipleKeyValuesInSinglePut" classname="com.hbase.haxwell.HaxwellIntegrationTest"
              time="1.54"/>
    <testcase name="testEvents_SimpleSetOfPuts" classname="com.hbase.haxwell.HaxwellIntegrationTest" time="2.163"/>
</testsuite>